<?xml version="1.0" encoding="UTF-8"?>
<!-- Generated by org.testng.reporters.JUnitReportReporter -->
<testsuite skipped="0" hostname="irfan-PC" name="test.Testguru99login" tests="1" failures="0" timestamp="2018-11-21T15:22:02 IST" time="1.944" errors="0">
  <testcase name="login_invalid" time="1.944" classname="test.Testguru99login"/>
</testsuite> <!-- test.Testguru99login -->
